
================================================================================
         <<< Adaptive Image Deconvolution Algorithm (AIDA) Package >>>
                                       by
    E.F.Y. Hom, F. Marchis, C. Chalumeau, T.K. Lee, S. Haase, D.A. Agard, and J.W. Sedat
                 Copyright (c) 2006, University of California
                 
     ("AIDA: An Adaptive Image Deconvolution Algorithm with Application to
   Multi-Frame and Three-Dimensional Data"  J. Opt. Soc. Amer. A., 24(6):1580-1600)
   
================================================================================

		AIDA version: 1.4.1  [ September 15, 2016 ]
		(code location: C:\Users\Clement\Dropbox\EchangeChalumeauMarchis\MapX\AIDA\AIDA_1.4_WIP)

###
|	AIDA_160919_003921-myopic.log
|	Dataset label: "myopic_Python2.5"
###

SWIGed FFTW appears broken - use workaround module
 ** using numpy_fft routines **


AIDA Start Time: Mon Sep 19 00:39:21 2016

  * processing decon specifications...
  * setting up temporary working arrays...
  * processing PSF data...
	[1]
