
================================================================================
         <<< Adaptive Image Deconvolution Algorithm (AIDA) Package >>>
                                       by
    E.F.Y. Hom, F. Marchis, C. Chalumeau, T.K. Lee, S. Haase, D.A. Agard, and J.W. Sedat
                 Copyright (c) 2006, University of California
                 
     ("AIDA: An Adaptive Image Deconvolution Algorithm with Application to
   Multi-Frame and Three-Dimensional Data"  J. Opt. Soc. Amer. A., 24(6):1580-1600)
   
================================================================================

		AIDA version: 1.4  [ July 27, 2016 ]
		(code location: C:\Users\Clement\Dropbox\EchangeChalumeauMarchis\MapX\AIDA\AIDA_1.4_WIP)

###
|	AIDA_160816_160851-myopic.log
|	Dataset label: "myopic_Python2.5"
###

SWIGed FFTW appears broken - use workaround module
 ** using numpy_fft routines **


AIDA Start Time: Tue Aug 16 16:08:51 2016

  * processing decon specifications...
  * setting up temporary working arrays...
  * processing PSF data...
	[1] #DEBUG: PSF negative after background subtraction
#DEBUG: will do thesholding now -- yes or no ? yes
#DEBUG: calling   ThresholdPSF_inplace
#DEBUG: calling   ThresholdPSF_inplace
[2] #DEBUG: PSF negative after background subtraction
#DEBUG: will do thesholding now -- yes or no ? yes
#DEBUG: calling   ThresholdPSF_inplace
#DEBUG: calling   ThresholdPSF_inplace
[3] #DEBUG: PSF negative after background subtraction
#DEBUG: will do thesholding now -- yes or no ? yes
#DEBUG: calling   ThresholdPSF_inplace
#DEBUG: calling   ThresholdPSF_inplace
[4] #DEBUG: PSF negative after background subtraction
#DEBUG: will do thesholding now -- yes or no ? yes
#DEBUG: calling   ThresholdPSF_inplace
#DEBUG: calling   ThresholdPSF_inplace
[5] #DEBUG: PSF negative after background subtraction
#DEBUG: will do thesholding now -- yes or no ? yes
#DEBUG: calling   ThresholdPSF_inplace
#DEBUG: calling   ThresholdPSF_inplace
[6] #DEBUG: PSF negative after background subtraction
#DEBUG: will do thesholding now -- yes or no ? yes
#DEBUG: calling   ThresholdPSF_inplace
#DEBUG: calling   ThresholdPSF_inplace

  * converting to OTFs and processing data...
  * processing background and noise settings...
  * setting up optimization parameters...

     Note: No gain in computation time for higher memory usage levels
           for mono-frame decon with images in separate files
           Memory usage level defaulted to zero

  * ...done with setup 

<<< Key User Input Variables >>>
Results directory = C:\Users\Clement\Dropbox\EchangeChalumeauMarchis\MapX\AIDA\AIDA_1.4_WIP\TitanImages\Results/myopic_Python2.5_160816_160851-myopic/
Deconvolution type = myopic
Image file base = C:\Users\Clement\Dropbox\EchangeChalumeauMarchis\MapX\AIDA\AIDA_1.4_WIP\TitanImages/titanhe_153_IF_scaled
PSF file base = C:\Users\Clement\Dropbox\EchangeChalumeauMarchis\MapX\AIDA\AIDA_1.4_WIP\TitanImages/psf_titanhe
Spatial dimension of data = 2
Background to subtract = 0.0
Results output format = f
Computational precision = double
-   -   -   -   -   -   -   -   -
Initial object guess = zero
Object background subtraction = 0.0
sigma_det = [None]  (input)
Input object tolerance = 0.1
Input PSF tolerance = 0.1
object PCG iteration array = (1, 3, 5, 7, 9, 11, 13, 15)
PSF PCG iteration array = (1, 3, 5, 7, 9, 11, 13, 15)
Maximum uphill object moves allowed before breaking = 2
Maximum uphill PSF moves allowed before breaking = 2
Rising tolerance ratio between estimate steps = 1.03
CCG object minimization tolerance = 1e-07
CCG PSF minimization tolerance = 1e-07
CCG object iterations per PCG block = 24
CCG PSF iterations per PCG block = 24
Number of sequential AIDA stop alerts before breaking = 2
Maximum PCG stop signals before skipping optimization = 3
Maximum uphill signals before skipping optimization = 3
'lambda_object' will be calculated as:  1./ < sqrt(2 pi w(r))/theta - 1 >
---
Infolevel = 2
Decon terms = (1, 1, 1, 0)
Object derivative and Laplacian operator parameters:
	gradient operator =  FC 	laplacian operator =  3 
	gradient norm type = sqrt 	zero edges: False
Variable lower bound for CCG = 0.0
PSF processing parameters:
	exclude_radius = 5
	cleaning flags = (1, 1, 1, 1)
	PSF centering = unknown
	subtract PSF background percent = 0.0
	clean nsigmas to subtract = 2.0
	PSF percent threshold set to fill value = 1e-07
	OTF percent threshold set to fill value = 1e-07
	fill value = 0.0
	floor for PSF constraint weight = 1e-12
	floor for OTF constraint weight = 1e-12
	radially averaged OTF constraint weight (dimensions): 0
PSF files processed (and cleaned):
		psf_titanhe_0.fits : #0
		psf_titanhe_1.fits : #1
		psf_titanhe_2.fits : #2
		psf_titanhe_3.fits : #3
		psf_titanhe_4.fits : #4
		psf_titanhe_5.fits : #5
lambda_OTF Value = 3.81469726563e-06
lambda_PSF Value = 1.0
<<< -   -   -   -   -   -   - >>>

Set-up time = 6.261 secs 

=======
=======

Deconvolution Start Time: Tue Aug 16 16:08:57 2016

vvvvvvv
[[  titanhe_153_IF_scaled.fits  ]] 	shape = (512L, 512L)
sigma_det = 14.8965
w (mmms): 20986.9 (min), 221.906 (max), 1024.77 (mean), 2636.7 (std)
-------
---
Using pixel-based object regularization
terms: (1, 1, 1, 0)
lambda_object: 0.115279 (min), 0.115279 (max), 0.115279 (mean), 0 (std)  [adaptive]
theta: 37.5346 (min), 3.8596 (max), 6.45152 (mean), 5.21251 (std)
mu: 0.00773869 (min), 8.18253e-05 (max), 0.00482452 (mean), 0.00228657 (std)
lambda_OTF: 3.8147e-06  [adaptive]
lambda_PSF: 1  [adaptive]
-------
[obj] PCG iter: 1 of 1  in optimization round  1  out of  8 (max)
<lambda_object>: 0.1152794    <mu>: 0.00482452    <theta>: 6.451519
	CG itns 13    istop 0    ifn 15    df0 0    Nclsrch 0    CGtime 3.109
	    obj diff:  796.701501364 	check_object = go
DEBUG seb: TEMP is nan: False
J = 780034 	Jn: 621746 	Jo: 158289 	Jhk: 0 	Jhr: 0
 		Jn: 1 		Jo: 0.254587 	Jhk: 0 	Jhr: 0
-------
[PSF] PCG iter: 1 of 1  in optimization round  1  out of  8 (max)
Duration of last evaluation:  82.0000171661 ms
Mean:  82.0000171661 ms
nb_evals:  1
<lambda_OTF>: 3.814697e-06    lambda_PSF: 1
	CG itns 13    istop 0    ifn 16    df0 0    Nclsrch 0    CGtime 2.196
	    PSF diff:  1.47068260831e-07 	check_PSF = go
DEBUG seb: TEMP is nan: False
J = 672487 	Jn: 654133 	Jo: 0 	Jhk: 18353.7 	Jhr: 0
 		Jn: 1 		Jo: 0 	Jhk: 0.0280581 	Jhr: 0
-------
[obj] PCG iter: 1 of 3  in optimization round  2  out of  8 (max)
<lambda_object>: 0.1152794    <mu>: 0.00482452    <theta>: 6.451519
	CG itns 13    istop 0    ifn 15    df0 0    Nclsrch 0    CGtime 2.743
	    obj diff:  62.8198378584 	check_object = go
[obj] PCG iter: 2  of  3
	CG itns 13    istop 0    ifn 15    df0 0    Nclsrch 0    CGtime 2.72
	    obj diff:  49.1605923578 	check_object = go
[obj] PCG iter: 3  of  3
	CG itns 13    istop 0    ifn 15    df0 0    Nclsrch 0    CGtime 2.713
	    obj diff:  14.086303669 	check_object = go
DEBUG seb: TEMP is nan: False
J = 292010 	Jn: 143326 	Jo: 148684 	Jhk: 0 	Jhr: 0
 		Jn: 1 		Jo: 1.03738 	Jhk: 0 	Jhr: 0
-------
[PSF] PCG iter: 1 of 3  in optimization round  2  out of  8 (max)
Duration of last evaluation:  78.9999961853 ms
Mean:  80.5000066757 ms
nb_evals:  2
<lambda_OTF>: 3.814697e-06    lambda_PSF: 1
	CG itns 13    istop 0    ifn 16    df0 0    Nclsrch 0    CGtime 2.577
	    PSF diff:  9.85365681884e-08 	check_PSF = go
[PSF] PCG iter: 2  of  3
Duration of last evaluation:  86.9998931885 ms
Mean:  82.6666355133 ms
nb_evals:  3
	CG itns 13    istop 0    ifn 16    df0 0    Nclsrch 0    CGtime 2.376
	    PSF diff:  7.9752366766e-08 	check_PSF = go
[PSF] PCG iter: 3  of  3
Duration of last evaluation:  85.9999656677 ms
Mean:  83.4999680519 ms
nb_evals:  4
	CG itns 7    istop 0    ifn 24    df0 0    Nclsrch 0    CGtime 3.677
	    PSF diff:  3.78715111821e-08 	check_PSF = go
DEBUG seb: TEMP is nan: False
J = 152484 	Jn: 144900 	Jo: 0 	Jhk: 7584.4 	Jhr: 0
 		Jn: 1 		Jo: 0 	Jhk: 0.0523425 	Jhr: 0
-------
[obj] PCG iter: 1 of 5  in optimization round  3  out of  8 (max)
<lambda_object>: 0.1152794    <mu>: 0.00482452    <theta>: 6.451519
	CG itns 13    istop 0    ifn 17    df0 0    Nclsrch 0    CGtime 3.601
	    obj diff:  6.07599808085 	check_object = go
[obj] PCG iter: 2  of  5
	CG itns 13    istop 0    ifn 16    df0 0    Nclsrch 0    CGtime 2.961
	    obj diff:  3.81673524233 	check_object = go
[obj] PCG iter: 3  of  5
	CG itns 13    istop 0    ifn 18    df0 0    Nclsrch 0    CGtime 3.143
	    obj diff:  2.69518900643 	check_object = go
[obj] PCG iter: 4  of  5
	CG itns 13    istop 0    ifn 29    df0 0    Nclsrch 0    CGtime 4.552
	    obj diff:  1.66421091287 	check_object = go
[obj] PCG iter: 5  of  5
	CG itns 13    istop 0    ifn 29    df0 0    Nclsrch 0    CGtime 5.353
	    obj diff:  1.02189802675 	check_object = go
DEBUG seb: TEMP is nan: False
J = 286915 	Jn: 138768 	Jo: 148147 	Jhk: 0 	Jhr: 0
 		Jn: 1 		Jo: 1.06759 	Jhk: 0 	Jhr: 0
-------
[PSF] PCG iter: 1 of 5  in optimization round  3  out of  8 (max)
Duration of last evaluation:  94.0001010895 ms
Mean:  85.5999946594 ms
nb_evals:  5
<lambda_OTF>: 3.814697e-06    lambda_PSF: 1
	CG itns 13    istop 0    ifn 16    df0 0    Nclsrch 0    CGtime 2.667
	    PSF diff:  9.75863440341e-08 	check_PSF = go
[PSF] PCG iter: 2  of  5
Duration of last evaluation:  86.0002040863 ms
Mean:  85.6666962306 ms
nb_evals:  6
	CG itns 13    istop 0    ifn 16    df0 0    Nclsrch 0    CGtime 2.592
	    PSF diff:  7.23854113041e-08 	check_PSF = go
[PSF] PCG iter: 3  of  5
Duration of last evaluation:  100.000143051 ms
Mean:  87.7143314907 ms
nb_evals:  7
	CG itns 13    istop 0    ifn 21    df0 0    Nclsrch 0    CGtime 3.199
	    PSF diff:  4.19107738611e-08 	check_PSF = go
[PSF] PCG iter: 4  of  5
Duration of last evaluation:  98.0000495911 ms
Mean:  89.0000462532 ms
nb_evals:  8
	CG itns 13    istop 0    ifn 35    df0 0    Nclsrch 0    CGtime 4.437
	    PSF diff:  1.44618608065e-08 	check_PSF = go
[PSF] PCG iter: 5  of  5
Duration of last evaluation:  86.9998931885 ms
Mean:  88.7778070238 ms
nb_evals:  9
	CG itns 13    istop 0    ifn 68    df0 0    Nclsrch 0    CGtime 7.102
	    PSF diff:  4.64017434117e-09 	check_PSF = go
DEBUG seb: TEMP is nan: False
J = 145219 	Jn: 139261 	Jo: 0 	Jhk: 5958.65 	Jhr: 0
 		Jn: 1 		Jo: 0 	Jhk: 0.0427878 	Jhr: 0
-------
[obj] PCG iter: 1 of 7  in optimization round  4  out of  8 (max)
<lambda_object>: 0.1152794    <mu>: 0.00482452    <theta>: 6.451519
	CG itns 13    istop 0    ifn 55    df0 0    Nclsrch 0    CGtime 6.983
	    obj diff:  2.07533865294 	check_object = go
[obj] PCG iter: 2  of  7
	CG itns 1    istop 0    ifn 19    df0 0    Nclsrch 0    CGtime 2.78
	    obj diff:  2.07533865294 	check_object = go
[obj] PCG iter: 3  of  7
	CG itns 0    istop 0    ifn 21    df0 0    Nclsrch 0    CGtime 2.89
	    obj diff:  1.16552730126e-13 	check_object = stop
[obj] PCG iter: 4  of  7
	CG itns 0    istop 0    ifn 21    df0 0    Nclsrch 0    CGtime 2.654
	    obj diff:  1.16552730126e-13 	check_object = stop
		*** max object_stops reached ***
DEBUG seb: TEMP is nan: False
J = 286480 	Jn: 138879 	Jo: 147601 	Jhk: 0 	Jhr: 0
 		Jn: 1 		Jo: 1.06281 	Jhk: 0 	Jhr: 0
-------
[PSF] PCG iter: 1 of 7  in optimization round  4  out of  8 (max)
Duration of last evaluation:  88.9999866486 ms
Mean:  88.8000249863 ms
nb_evals:  10
<lambda_OTF>: 3.814697e-06    lambda_PSF: 1
	CG itns 13    istop 0    ifn 16    df0 0    Nclsrch 0    CGtime 2.719
	    PSF diff:  1.04886233469e-07 	check_PSF = go
[PSF] PCG iter: 2  of  7
Duration of last evaluation:  85.000038147 ms
Mean:  88.4545716372 ms
nb_evals:  11
	CG itns 13    istop 0    ifn 16    df0 0    Nclsrch 0    CGtime 2.405
	    PSF diff:  7.52527956383e-08 	check_PSF = go
[PSF] PCG iter: 3  of  7
Duration of last evaluation:  91.0000801086 ms
Mean:  88.6666973432 ms
nb_evals:  12
	CG itns 13    istop 0    ifn 16    df0 0    Nclsrch 0    CGtime 2.486
	    PSF diff:  3.09107940235e-08 	check_PSF = go
[PSF] PCG iter: 4  of  7
Duration of last evaluation:  81.0000896454 ms
Mean:  88.0769582895 ms
nb_evals:  13
	CG itns 5    istop 0    ifn 26    df0 0    Nclsrch 0    CGtime 2.989
	    PSF diff:  1.82531397984e-08 	check_PSF = go
[PSF] PCG iter: 5  of  7
Duration of last evaluation:  84.0001106262 ms
Mean:  87.785754885 ms
nb_evals:  14
	CG itns 13    istop 0    ifn 60    df0 0    Nclsrch 0    CGtime 6.308
	    PSF diff:  5.24203657509e-09 	check_PSF = go
[PSF] PCG iter: 6  of  7
Duration of last evaluation:  86.0002040863 ms
Mean:  87.6667181651 ms
nb_evals:  15
	CG itns 13    istop 0    ifn 22    df0 0    Nclsrch 0    CGtime 3.115
	    PSF diff:  3.14468784737e-08 	check_PSF = go
[PSF] PCG iter: 7  of  7
Duration of last evaluation:  85.9999656677 ms
Mean:  87.562546134 ms
nb_evals:  16
	CG itns 7    istop 0    ifn 27    df0 0    Nclsrch 0    CGtime 3.9
	    PSF diff:  6.52904067176e-09 	check_PSF = go
	    >> max rising test count encountered <<
DEBUG seb: TEMP is nan: False
J = 144311 	Jn: 139311 	Jo: 0 	Jhk: 4999.44 	Jhr: 0
 		Jn: 1 		Jo: 0 	Jhk: 0.0358868 	Jhr: 0
-------
[obj] PCG iter: 1 of 9  in optimization round  5  out of  8 (max)
<lambda_object>: 0.1152794    <mu>: 0.00482452    <theta>: 6.451519
	CG itns 6    istop 0    ifn 47    df0 0    Nclsrch 0    CGtime 5.359
	    obj diff:  0.864915307792 	check_object = go
[obj] PCG iter: 2  of  9
	CG itns 0    istop 0    ifn 21    df0 0    Nclsrch 0    CGtime 2.966
	    obj diff:  0.864915307792 	check_object = go
[obj] PCG iter: 3  of  9
	CG itns 0    istop 0    ifn 21    df0 0    Nclsrch 0    CGtime 2.643
	    obj diff:  0.0 	check_object = stop
[obj] PCG iter: 4  of  9
	CG itns 0    istop 0    ifn 21    df0 0    Nclsrch 0    CGtime 2.766
	    obj diff:  0.0 	check_object = stop
		*** max object_stops reached ***
DEBUG seb: TEMP is nan: False
J = 286346 	Jn: 139188 	Jo: 147157 	Jhk: 0 	Jhr: 0
 		Jn: 1 		Jo: 1.05725 	Jhk: 0 	Jhr: 0
-------
[PSF] PCG iter: 1 of 9  in optimization round  5  out of  8 (max)
Duration of last evaluation:  86.9998931885 ms
Mean:  87.5294489019 ms
nb_evals:  17
<lambda_OTF>: 3.814697e-06    lambda_PSF: 1
	CG itns 13    istop 0    ifn 16    df0 0    Nclsrch 0    CGtime 2.787
	    PSF diff:  1.13651624593e-07 	check_PSF = go
[PSF] PCG iter: 2  of  9
Duration of last evaluation:  92.0000076294 ms
Mean:  87.7778132757 ms
nb_evals:  18
	CG itns 13    istop 0    ifn 16    df0 0    Nclsrch 0    CGtime 2.376
	    PSF diff:  8.29949654609e-08 	check_PSF = go
[PSF] PCG iter: 3  of  9
Duration of last evaluation:  82.9999446869 ms
Mean:  87.5263465078 ms
nb_evals:  19
	CG itns 13    istop 0    ifn 16    df0 0    Nclsrch 0    CGtime 2.367
	    PSF diff:  3.13928138445e-08 	check_PSF = go
[PSF] PCG iter: 4  of  9
Duration of last evaluation:  83.9998722076 ms
Mean:  87.3500227928 ms
nb_evals:  20
	CG itns 5    istop 0    ifn 26    df0 0    Nclsrch 0    CGtime 3.093
	    PSF diff:  1.32016995252e-08 	check_PSF = go
[PSF] PCG iter: 5  of  9
Duration of last evaluation:  90.0001525879 ms
Mean:  87.4762194497 ms
nb_evals:  21
	CG itns 10    istop 0    ifn 56    df0 0    Nclsrch 0    CGtime 5.883
	    PSF diff:  3.76419971221e-09 	check_PSF = go
[PSF] PCG iter: 6  of  9
Duration of last evaluation:  88.0000591278 ms
Mean:  87.5000303442 ms
nb_evals:  22
	CG itns 13    istop 0    ifn 20    df0 0    Nclsrch 0    CGtime 2.876
	    PSF diff:  3.10617846697e-08 	check_PSF = go
[PSF] PCG iter: 7  of  9
Duration of last evaluation:  86.9998931885 ms
Mean:  87.4782852505 ms
nb_evals:  23
	CG itns 13    istop 0    ifn 49    df0 0    Nclsrch 0    CGtime 5.161
	    PSF diff:  5.96747261031e-09 	check_PSF = go
	    >> max rising test count encountered <<
DEBUG seb: TEMP is nan: False
J = 144820 	Jn: 139483 	Jo: 0 	Jhk: 5336.77 	Jhr: 0
 		Jn: 1 		Jo: 0 	Jhk: 0.0382611 	Jhr: 0
-------
[obj] PCG iter: 1 of 11  in optimization round  6  out of  8 (max)
<lambda_object>: 0.1152794    <mu>: 0.00482452    <theta>: 6.451519
	CG itns 13    istop 0    ifn 32    df0 0    Nclsrch 0    CGtime 4.24
	    obj diff:  2.61702512565 	check_object = go
[obj] PCG iter: 2  of  11
	CG itns 0    istop 0    ifn 21    df0 0    Nclsrch 0    CGtime 2.818
	    obj diff:  2.61702512565 	check_object = go
[obj] PCG iter: 3  of  11
	CG itns 0    istop 0    ifn 21    df0 0    Nclsrch 0    CGtime 2.703
	    obj diff:  0.0 	check_object = stop
[obj] PCG iter: 4  of  11
	CG itns 0    istop 0    ifn 21    df0 0    Nclsrch 0    CGtime 2.717
	    obj diff:  0.0 	check_object = stop
		*** max object_stops reached ***
DEBUG seb: TEMP is nan: False
J = 286054 	Jn: 139133 	Jo: 146921 	Jhk: 0 	Jhr: 0
 		Jn: 1 		Jo: 1.05597 	Jhk: 0 	Jhr: 0
-------
[PSF] PCG iter: 1 of 11  in optimization round  6  out of  8 (max)
Duration of last evaluation:  108.000040054 ms
Mean:  88.3333583673 ms
nb_evals:  24
<lambda_OTF>: 3.814697e-06    lambda_PSF: 1
	CG itns 13    istop 0    ifn 16    df0 0    Nclsrch 0    CGtime 2.814
	    PSF diff:  1.15783354859e-07 	check_PSF = go
[PSF] PCG iter: 2  of  11
Duration of last evaluation:  110.000133514 ms
Mean:  89.2000293732 ms
nb_evals:  25
	CG itns 13    istop 0    ifn 16    df0 0    Nclsrch 0    CGtime 2.432
	    PSF diff:  8.56413390828e-08 	check_PSF = go
[PSF] PCG iter: 3  of  11
Duration of last evaluation:  88.9999866486 ms
Mean:  89.1923354222 ms
nb_evals:  26
	CG itns 13    istop 0    ifn 16    df0 0    Nclsrch 0    CGtime 2.366
	    PSF diff:  3.12949600075e-08 	check_PSF = go
[PSF] PCG iter: 4  of  11
Duration of last evaluation:  87.9998207092 ms
Mean:  89.1481682106 ms
nb_evals:  27
	CG itns 13    istop 0    ifn 21    df0 0    Nclsrch 0    CGtime 3.14
	    PSF diff:  1.27316382878e-08 	check_PSF = go
[PSF] PCG iter: 5  of  11
Duration of last evaluation:  87.0001316071 ms
Mean:  89.0714526176 ms
nb_evals:  28
	CG itns 13    istop 0    ifn 16    df0 0    Nclsrch 0    CGtime 2.382
	    PSF diff:  9.17392221558e-09 	check_PSF = go
[PSF] PCG iter: 6  of  11
Duration of last evaluation:  88.9999866486 ms
Mean:  89.0689882739 ms
nb_evals:  29
	CG itns 13    istop 0    ifn 60    df0 0    Nclsrch 0    CGtime 6.157
	    PSF diff:  9.57709737621e-09 	check_PSF = go
[PSF] PCG iter: 7  of  11
Duration of last evaluation:  85.9999656677 ms
Mean:  88.9666875203 ms
nb_evals:  30
	CG itns 13    istop 0    ifn 58    df0 0    Nclsrch 0    CGtime 5.957
	    PSF diff:  9.18880025113e-09 	check_PSF = go
[PSF] PCG iter: 8  of  11
Duration of last evaluation:  93.9998626709 ms
Mean:  89.1290480091 ms
nb_evals:  31
	CG itns 13    istop 0    ifn 79    df0 0    Nclsrch 0    CGtime 7.967
	    PSF diff:  2.74313209842e-09 	check_PSF = go
[PSF] PCG iter: 9  of  11
Duration of last evaluation:  93.9998626709 ms
Mean:  89.2812609673 ms
nb_evals:  32
	CG itns 13    istop 0    ifn 16    df0 0    Nclsrch 0    CGtime 2.357
	    PSF diff:  5.70811111541e-08 	check_PSF = go
	    >> max rising test count encountered <<
DEBUG seb: TEMP is nan: False
J = 143932 	Jn: 139481 	Jo: 0 	Jhk: 4450.44 	Jhr: 0
 		Jn: 1 		Jo: 0 	Jhk: 0.0319071 	Jhr: 0
-------
		>>> obj:: stop 	seq_stops: 3   seq_rising: 0   stops: 2 <<<
		>>> PSF:: stop 	seq_stops: 0   seq_rising: 3   stops: 0 <<<
-------
J = 1.4393e+05		Jn: 1.3948e+05	Jo: 0	Jhk: 4450.4 	Jhr: 0
			Jn: 1 		Jo: 0 	Jhk: 0.03191 	Jhr: 0
^^^^^^^

<lambda_object>: 0.115279    <lambda_OTF>: 3.8147e-06    lambda_PSF: 1

| total number of while-loop decon iterations:  5
| total number of CG calls/iterations:  [150 385 535] (obj PSF tot)
| total number of Cost Function calculations:  [ 490  908 1398] (obj PSF tot)
| total time of deconvolution:  3.13 mins


=======
=======
Total CG iterations = [150 385 535]
Total Cost Function calculations = [ 490  908 1398]
Average CG iteration time: 
	[ 0.4826 secs   0.2983 secs   0.35 secs ]  (obj PSF tot)
Average CostFunction calculation time: 
	[ 0.1477 secs   0.1265 secs   0.1339 secs ]  (obj PSF tot)
---
Total Set-up Time = 6.261 secs 	( PSF Processing Time = 6.223 secs )
Total Deconvolutions = 1
Total AIDA Deconvolution Time = 3.13 mins
Total Time for AIDA Run = 3.248 mins
====

AIDA End Time: Tue Aug 16 16:12:06 2016
